  [4;36;1mSQL (0.5ms)[0m   [0;1m SELECT name
 FROM sqlite_master
 WHERE type = 'table' AND NOT name = 'sqlite_sequence'
[0m
  [4;35;1mSQL (0.1ms)[0m   [0mselect sqlite_version(*)[0m
  [4;36;1mSQL (2.0ms)[0m   [0;1mCREATE TABLE "schema_migrations" ("version" varchar(255) NOT NULL) [0m
  [4;35;1mSQL (3.3ms)[0m   [0mCREATE UNIQUE INDEX "unique_schema_migrations" ON "schema_migrations" ("version")[0m
  [4;36;1mSQL (0.2ms)[0m   [0;1m SELECT name
 FROM sqlite_master
 WHERE type = 'table' AND NOT name = 'sqlite_sequence'
[0m
  [4;35;1mSQL (0.1ms)[0m   [0mSELECT version FROM schema_migrations[0m
Migrating to CreateUsers (20100701152024)
  [4;36;1mSQL (0.6ms)[0m   [0;1mCREATE TABLE "users" ("id" INTEGER PRIMARY KEY AUTOINCREMENT NOT NULL, "name" varchar(255), "age" integer, "created_at" datetime, "updated_at" datetime) [0m
  [4;35;1mSQL (0.2ms)[0m   [0mINSERT INTO schema_migrations (version) VALUES ('20100701152024')[0m
Migrating to CreateTodos (20100701152103)
  [4;36;1mSQL (0.5ms)[0m   [0;1mCREATE TABLE "todos" ("id" INTEGER PRIMARY KEY AUTOINCREMENT NOT NULL, "user_id" integer, "title" varchar(255), "body" varchar(255), "created_at" datetime, "updated_at" datetime) [0m
  [4;35;1mSQL (0.1ms)[0m   [0mINSERT INTO schema_migrations (version) VALUES ('20100701152103')[0m
  [4;36;1mSQL (0.2ms)[0m   [0;1m SELECT name
 FROM sqlite_master
 WHERE type = 'table' AND NOT name = 'sqlite_sequence'
[0m
  [4;35;1mSQL (0.1ms)[0m   [0mSELECT version FROM schema_migrations[0m
  [4;36;1mSQL (0.1ms)[0m   [0;1m SELECT name
 FROM sqlite_master
 WHERE type = 'table' AND NOT name = 'sqlite_sequence'
[0m
  [4;35;1mSQL (0.0ms)[0m   [0mPRAGMA index_list("todos")[0m
  [4;36;1mSQL (0.0ms)[0m   [0;1mPRAGMA index_list("users")[0m
  [4;36;1mSQL (0.8ms)[0m   [0;1m SELECT name
 FROM sqlite_master
 WHERE type = 'table' AND NOT name = 'sqlite_sequence'
[0m
  [4;35;1mSQL (0.1ms)[0m   [0mSELECT version FROM schema_migrations[0m
Migrating to CreateUsers (20100701152024)
Migrating to CreateTodos (20100701152103)
  [4;36;1mSQL (0.1ms)[0m   [0;1mselect sqlite_version(*)[0m
  [4;35;1mSQL (0.2ms)[0m   [0m SELECT name
 FROM sqlite_master
 WHERE type = 'table' AND NOT name = 'sqlite_sequence'
[0m
  [4;36;1mSQL (0.1ms)[0m   [0;1mSELECT version FROM schema_migrations[0m
  [4;35;1mSQL (0.1ms)[0m   [0m SELECT name
 FROM sqlite_master
 WHERE type = 'table' AND NOT name = 'sqlite_sequence'
[0m
  [4;36;1mSQL (0.0ms)[0m   [0;1mPRAGMA index_list("todos")[0m
  [4;35;1mSQL (0.0ms)[0m   [0mPRAGMA index_list("users")[0m


Processing UsersController#index (for 127.0.0.1 at 2010-07-02 00:29:26) [GET]
  [4;36;1mUser Load (0.7ms)[0m   [0;1mSELECT * FROM "users" [0m
Rendering template within layouts/users
Rendering users/index
Completed in 34ms (View: 24, DB: 1) | 200 OK [http://localhost/users]


Processing UsersController#new (for 127.0.0.1 at 2010-07-02 00:29:29) [GET]
Rendering template within layouts/users
Rendering users/new
Completed in 15ms (View: 8, DB: 0) | 200 OK [http://localhost/users/new]


Processing UsersController#new (for 127.0.0.1 at 2010-07-02 00:30:28) [GET]
Rendering template within layouts/users
Rendering users/new

ActionView::TemplateError (/Users/sogo/code/rails/nest_sample/app/models/todo.rb:2: syntax error, unexpected ':', expecting kEND
  belongs_to: :user
             ^) on line #11 of app/views/users/new.html.erb:
8:     <%= f.text_field :name %>
9:   </p>
10: 
11:   <% f.fields_for :todo do |todo_form| %>
12:     <p>
13:       <%= todo_form.label :title %><br />
14:       <%= todo_form.text_field :title %>

    app/views/users/new.html.erb:11
    app/views/users/new.html.erb:3
    app/controllers/users_controller.rb:29:in `new'
    /Users/sogo/.rvm/rubies/ruby-1.8.7-p299/lib/ruby/1.8/webrick/httpserver.rb:104:in `service'
    /Users/sogo/.rvm/rubies/ruby-1.8.7-p299/lib/ruby/1.8/webrick/httpserver.rb:65:in `run'
    /Users/sogo/.rvm/rubies/ruby-1.8.7-p299/lib/ruby/1.8/webrick/server.rb:173:in `start_thread'
    /Users/sogo/.rvm/rubies/ruby-1.8.7-p299/lib/ruby/1.8/webrick/server.rb:162:in `start'
    /Users/sogo/.rvm/rubies/ruby-1.8.7-p299/lib/ruby/1.8/webrick/server.rb:162:in `start_thread'
    /Users/sogo/.rvm/rubies/ruby-1.8.7-p299/lib/ruby/1.8/webrick/server.rb:95:in `start'
    /Users/sogo/.rvm/rubies/ruby-1.8.7-p299/lib/ruby/1.8/webrick/server.rb:92:in `each'
    /Users/sogo/.rvm/rubies/ruby-1.8.7-p299/lib/ruby/1.8/webrick/server.rb:92:in `start'
    /Users/sogo/.rvm/rubies/ruby-1.8.7-p299/lib/ruby/1.8/webrick/server.rb:23:in `start'
    /Users/sogo/.rvm/rubies/ruby-1.8.7-p299/lib/ruby/1.8/webrick/server.rb:82:in `start'

Rendered rescues/_trace (113.2ms)
Rendered rescues/_request_and_response (1.3ms)
Rendering rescues/layout (internal_server_error)


Processing UsersController#new (for 127.0.0.1 at 2010-07-02 00:30:48) [GET]
Rendering template within layouts/users
Rendering users/new
Completed in 16ms (View: 11, DB: 0) | 200 OK [http://localhost/users/new]


Processing UsersController#new (for 127.0.0.1 at 2010-07-02 00:31:24) [GET]

NoMethodError (undefined method `build' for nil:NilClass):
  app/controllers/users_controller.rb:28:in `new'
  /Users/sogo/.rvm/rubies/ruby-1.8.7-p299/lib/ruby/1.8/webrick/httpserver.rb:104:in `service'
  /Users/sogo/.rvm/rubies/ruby-1.8.7-p299/lib/ruby/1.8/webrick/httpserver.rb:65:in `run'
  /Users/sogo/.rvm/rubies/ruby-1.8.7-p299/lib/ruby/1.8/webrick/server.rb:173:in `start_thread'
  /Users/sogo/.rvm/rubies/ruby-1.8.7-p299/lib/ruby/1.8/webrick/server.rb:162:in `start'
  /Users/sogo/.rvm/rubies/ruby-1.8.7-p299/lib/ruby/1.8/webrick/server.rb:162:in `start_thread'
  /Users/sogo/.rvm/rubies/ruby-1.8.7-p299/lib/ruby/1.8/webrick/server.rb:95:in `start'
  /Users/sogo/.rvm/rubies/ruby-1.8.7-p299/lib/ruby/1.8/webrick/server.rb:92:in `each'
  /Users/sogo/.rvm/rubies/ruby-1.8.7-p299/lib/ruby/1.8/webrick/server.rb:92:in `start'
  /Users/sogo/.rvm/rubies/ruby-1.8.7-p299/lib/ruby/1.8/webrick/server.rb:23:in `start'
  /Users/sogo/.rvm/rubies/ruby-1.8.7-p299/lib/ruby/1.8/webrick/server.rb:82:in `start'

Rendered rescues/_trace (35.2ms)
Rendered rescues/_request_and_response (0.2ms)
Rendering rescues/layout (internal_server_error)


Processing UsersController#new (for 127.0.0.1 at 2010-07-02 00:31:50) [GET]
Rendering template within layouts/users
Rendering users/new
Completed in 62ms (View: 6, DB: 0) | 200 OK [http://localhost/users/new]


Processing UsersController#new (for 127.0.0.1 at 2010-07-02 00:50:41) [GET]
Rendering template within layouts/users
Rendering users/new
Completed in 19ms (View: 6, DB: 0) | 200 OK [http://localhost/users/new]


Processing UsersController#create (for 127.0.0.1 at 2010-07-02 00:50:59) [POST]
  Parameters: {"commit"=>"Create", "authenticity_token"=>"3RHzPE/r2HeAdfcZ5JJOLaLtRWY2ZtEci1eR6WPWp7w=", "user"=>{"name"=>"ãƒã‚«ãƒœãƒ³ã®ãƒ‘ãƒ‘", "todo_attributes"=>{"title"=>"ã“ã‚“ã«ã¡ã¯", "body"=>"å¤ã§ã™ã­"}, "age"=>"24"}}
  [4;35;1mUser Create (1.1ms)[0m   [0mINSERT INTO "users" ("name", "created_at", "updated_at", "age") VALUES('ãƒã‚«ãƒœãƒ³ã®ãƒ‘ãƒ‘', '2010-07-01 15:50:59', '2010-07-01 15:50:59', 24)[0m
  [4;36;1mTodo Create (0.2ms)[0m   [0;1mINSERT INTO "todos" ("created_at", "title", "body", "updated_at", "user_id") VALUES('2010-07-01 15:50:59', 'ã“ã‚“ã«ã¡ã¯', 'å¤ã§ã™ã­', '2010-07-01 15:50:59', 1)[0m
Redirected to http://localhost:3000/users/1
Completed in 20ms (DB: 1) | 302 Found [http://localhost/users]


Processing UsersController#show (for 127.0.0.1 at 2010-07-02 00:50:59) [GET]
  Parameters: {"id"=>"1"}
  [4;35;1mUser Load (0.2ms)[0m   [0mSELECT * FROM "users" WHERE ("users"."id" = 1) [0m
Rendering template within layouts/users
Rendering users/show
Completed in 11ms (View: 5, DB: 0) | 200 OK [http://localhost/users/1]


Processing UsersController#index (for 127.0.0.1 at 2010-07-02 00:51:05) [GET]
  [4;36;1mUser Load (0.4ms)[0m   [0;1mSELECT * FROM "users" [0m
Rendering template within layouts/users
Rendering users/index
Completed in 12ms (View: 7, DB: 0) | 200 OK [http://localhost/users]


Processing UsersController#show (for 127.0.0.1 at 2010-07-02 00:51:07) [GET]
  Parameters: {"id"=>"1"}
  [4;35;1mUser Load (0.1ms)[0m   [0mSELECT * FROM "users" WHERE ("users"."id" = 1) [0m
Rendering template within layouts/users
Rendering users/show
Completed in 7ms (View: 2, DB: 0) | 200 OK [http://localhost/users/1]


Processing UsersController#index (for 127.0.0.1 at 2010-07-02 00:51:09) [GET]
  [4;36;1mUser Load (0.4ms)[0m   [0;1mSELECT * FROM "users" [0m
Rendering template within layouts/users
Rendering users/index
Completed in 12ms (View: 7, DB: 0) | 200 OK [http://localhost/users]


Processing UsersController#index (for 127.0.0.1 at 2010-07-02 00:52:18) [GET]
  [4;35;1mUser Load (0.4ms)[0m   [0mSELECT * FROM "users" [0m
Rendering template within layouts/users
Rendering users/index
Completed in 10ms (View: 5, DB: 0) | 200 OK [http://localhost/users]


Processing UsersController#show (for 127.0.0.1 at 2010-07-02 00:52:25) [GET]
  Parameters: {"id"=>"1"}
  [4;36;1mUser Load (0.7ms)[0m   [0;1mSELECT * FROM "users" WHERE ("users"."id" = 1) [0m
Rendering template within layouts/users
Rendering users/show
  [4;35;1mTodo Load (0.7ms)[0m   [0mSELECT * FROM "todos" WHERE ("todos".user_id = 1) LIMIT 1[0m
Completed in 18ms (View: 10, DB: 1) | 200 OK [http://localhost/users/1]


Processing UsersController#index (for 127.0.0.1 at 2010-07-02 00:52:34) [GET]
  [4;36;1mUser Load (6.6ms)[0m   [0;1mSELECT * FROM "users" [0m
Rendering template within layouts/users
Rendering users/index
Completed in 23ms (View: 8, DB: 7) | 200 OK [http://localhost/users]


Processing UsersController#index (for 127.0.0.1 at 2010-07-02 00:54:09) [GET]
  [4;35;1mUser Load (0.4ms)[0m   [0mSELECT * FROM "users" [0m
Rendering template within layouts/users
Rendering users/index
  [4;36;1mTodo Load (0.2ms)[0m   [0;1mSELECT * FROM "todos" WHERE ("todos".user_id = 1) LIMIT 1[0m
Completed in 21ms (View: 14, DB: 1) | 200 OK [http://localhost/users]


Processing UsersController#show (for 127.0.0.1 at 2010-07-02 00:54:46) [GET]
  Parameters: {"id"=>"1"}
  [4;35;1mUser Load (0.2ms)[0m   [0mSELECT * FROM "users" WHERE ("users"."id" = 1) [0m
Rendering template within layouts/users
Rendering users/show
  [4;36;1mTodo Load (0.3ms)[0m   [0;1mSELECT * FROM "todos" WHERE ("todos".user_id = 1) LIMIT 1[0m
Completed in 14ms (View: 7, DB: 0) | 200 OK [http://localhost/users/1]


Processing UsersController#index (for 127.0.0.1 at 2010-07-02 00:54:48) [GET]
  [4;35;1mUser Load (0.4ms)[0m   [0mSELECT * FROM "users" [0m
Rendering template within layouts/users
Rendering users/index
  [4;36;1mTodo Load (0.2ms)[0m   [0;1mSELECT * FROM "todos" WHERE ("todos".user_id = 1) LIMIT 1[0m
Completed in 14ms (View: 9, DB: 1) | 200 OK [http://localhost/users]


Processing UsersController#edit (for 127.0.0.1 at 2010-07-02 00:54:50) [GET]
  Parameters: {"id"=>"1"}
  [4;35;1mUser Load (0.2ms)[0m   [0mSELECT * FROM "users" WHERE ("users"."id" = 1) [0m
Rendering template within layouts/users
Rendering users/edit
  [4;36;1mTodo Load (0.2ms)[0m   [0;1mSELECT * FROM "todos" WHERE ("todos".user_id = 1) LIMIT 1[0m
Completed in 71ms (View: 14, DB: 0) | 200 OK [http://localhost/users/1/edit]


Processing UsersController#update (for 127.0.0.1 at 2010-07-02 00:55:27) [PUT]
  Parameters: {"commit"=>"Update", "authenticity_token"=>"3RHzPE/r2HeAdfcZ5JJOLaLtRWY2ZtEci1eR6WPWp7w=", "id"=>"1", "user"=>{"name"=>"ãƒã‚«ãƒœãƒ³ã®ãƒ‘ãƒ‘", "todo_attributes"=>{"title"=>"ã“ã‚“ã«ã¡ã¯", "body"=>"haruã§ã™ã­", "id"=>"1"}, "age"=>"24"}}
  [4;35;1mUser Load (0.2ms)[0m   [0mSELECT * FROM "users" WHERE ("users"."id" = 1) [0m
  [4;36;1mTodo Load (0.2ms)[0m   [0;1mSELECT * FROM "todos" WHERE ("todos".user_id = 1) LIMIT 1[0m
  [4;35;1mTodo Update (0.9ms)[0m   [0mUPDATE "todos" SET "updated_at" = '2010-07-01 15:55:27', "body" = 'haruã§ã™ã­' WHERE "id" = 1[0m
Redirected to http://localhost:3000/users/1
Completed in 25ms (DB: 1) | 302 Found [http://localhost/users/1]


Processing UsersController#show (for 127.0.0.1 at 2010-07-02 00:55:27) [GET]
  Parameters: {"id"=>"1"}
  [4;36;1mUser Load (0.1ms)[0m   [0;1mSELECT * FROM "users" WHERE ("users"."id" = 1) [0m
Rendering template within layouts/users
Rendering users/show
  [4;35;1mTodo Load (0.3ms)[0m   [0mSELECT * FROM "todos" WHERE ("todos".user_id = 1) LIMIT 1[0m
Completed in 11ms (View: 6, DB: 0) | 200 OK [http://localhost/users/1]


Processing UsersController#index (for 127.0.0.1 at 2010-07-02 00:55:30) [GET]
  [4;36;1mUser Load (0.4ms)[0m   [0;1mSELECT * FROM "users" [0m
Rendering template within layouts/users
Rendering users/index
  [4;35;1mTodo Load (0.2ms)[0m   [0mSELECT * FROM "todos" WHERE ("todos".user_id = 1) LIMIT 1[0m
Completed in 23ms (View: 18, DB: 1) | 200 OK [http://localhost/users]


Processing UsersController#new (for 127.0.0.1 at 2010-07-02 00:55:35) [GET]
Rendering template within layouts/users
Rendering users/new
Completed in 18ms (View: 6, DB: 0) | 200 OK [http://localhost/users/new]


Processing UsersController#index (for 127.0.0.1 at 2010-07-02 00:55:39) [GET]
  [4;36;1mUser Load (0.4ms)[0m   [0;1mSELECT * FROM "users" [0m
Rendering template within layouts/users
Rendering users/index
  [4;35;1mTodo Load (0.4ms)[0m   [0mSELECT * FROM "todos" WHERE ("todos".user_id = 1) LIMIT 1[0m
Completed in 19ms (View: 13, DB: 1) | 200 OK [http://localhost/users]
